#
# A fatal error has been detected by the Java Runtime Environment:
#
#  SIGSEGV (0xb) at pc=0x00007fff85762097, pid=1097, tid=1287
#
# JRE version: Java(TM) SE Runtime Environment (7.0_45-b18) (build 1.7.0_45-b18)
# Java VM: Java HotSpot(TM) 64-Bit Server VM (24.45-b08 mixed mode bsd-amd64 compressed oops)
# Problematic frame:
# C  [libobjc.A.dylib+0x5097]  objc_msgSend+0x17
#
# Failed to write core dump. Core dumps have been disabled. To enable core dumping, try "ulimit -c unlimited" before starting Java again
#
# If you would like to submit a bug report, please visit:
#   http://bugreport.sun.com/bugreport/crash.jsp
# The crash happened outside the Java Virtual Machine in native code.
# See problematic frame for where to report the bug.
#

---------------  T H R E A D  ---------------

Current thread (0x00007fe4038ce800):  JavaThread "AppKit Thread" daemon [_thread_in_native, id=1287, stack(0x00007fff5c437000,0x00007fff5c4b7000)]

siginfo:si_signo=SIGSEGV: si_errno=0, si_code=0 (SEGV0), si_addr=0x0000000000000000

Registers:
RAX=0x8400f2833833c024, RBX=0x00007fe403630940, RCX=0x00007fe4040050d0, RDX=0x00000000a1a1a1a1
RSP=0x00007fff5c4b0b68, RBP=0x00007fff5c4b0b90, RSI=0x00007fff893b0bd0, RDI=0x00007fe403630940
R8 =0x0000000000000002, R9 =0x00007fe40356d320, R10=0x00007fff893b0bd0, R11=0xf000000000000000
R12=0x00007fe40354dee0, R13=0x00007fe40356d100, R14=0x00007fe40354de00, R15=0x0000000000000090
RIP=0x00007fff85762097, EFLAGS=0x0000000000010246, ERR=0x0000000000000000
  TRAPNO=0x000000000000000d

Top of Stack: (sp=0x00007fff5c4b0b68)
0x00007fff5c4b0b68:   000000011093a67e 00007fe40354dee0
0x00007fff5c4b0b78:   000000011096cb98 00007fe403551f20
0x00007fff5c4b0b88:   0000000000000094 00007fff5c4b1070
0x00007fff5c4b0b98:   00007fff88a8cbe8 0000000000000000
0x00007fff5c4b0ba8:   0000000000000000 407e000000000000
0x00007fff5c4b0bb8:   4074000000000000 0000000000000000
0x00007fff5c4b0bc8:   0000000000000000 407e000000000000
0x00007fff5c4b0bd8:   4074000000000000 00007fff857621c4
0x00007fff5c4b0be8:   00007fe403646250 00007fff5c4b0c70
0x00007fff5c4b0bf8:   00007fe403551f20 401c000000000000
0x00007fff5c4b0c08:   00007fff89373fd4 002c000000000001
0x00007fff5c4b0c18:   4030000000000000 401c000000000000
0x00007fff5c4b0c28:   4074300000000000 00007fe40362f1d0
0x00007fff5c4b0c38:   4030000000000000 00007fe403646250
0x00007fff5c4b0c48:   0000000000000000 00007fe40354dee0
0x00007fff5c4b0c58:   0000000000000000 00007fff5c4b0d01
0x00007fff5c4b0c68:   00007fff5c4b0dd0 00007fff5c4b0dc0
0x00007fff5c4b0c78:   00007fff88b7178a 00007fff5c4b0dc0
0x00007fff5c4b0c88:   00007fff88b721b9 402c000000000000
0x00007fff5c4b0c98:   4030000000000000 401c000000000000
0x00007fff5c4b0ca8:   4074300000000000 402c000000000000
0x00007fff5c4b0cb8:   4030000000000000 0000000000000000
0x00007fff5c4b0cc8:   0000000000000000 407e000000000000
0x00007fff5c4b0cd8:   4075600000000000 401c000000000000
0x00007fff5c4b0ce8:   4074300000000000 0000000103765a00
0x00007fff5c4b0cf8:   00007fe403759380 0000000001000000
0x00007fff5c4b0d08:   00007fe403700000 00007fe4037592d0
0x00007fff5c4b0d18:   0000000103765a00 00007fff5c4b0dc0
0x00007fff5c4b0d28:   00007fff8e71219a 00007fe40375a540
0x00007fff5c4b0d38:   00007fe4037fc080 00007fff5c4b0de0
0x00007fff5c4b0d48:   0000000000000593 000000000005bfb0
0x00007fff5c4b0d58:   00000000000000b0 00007fe45500000b 

Instructions: (pc=0x00007fff85762097)
0x00007fff85762077:   90 90 90 90 90 90 90 90 90 48 85 ff 2e 74 72 40
0x00007fff85762087:   f6 c7 01 2e 0f 85 7e 00 00 00 4c 8b 1f 49 89 f2
0x00007fff85762097:   45 23 53 18 49 c1 e2 04 4d 03 53 10 49 3b 32 75
0x00007fff857620a7:   04 41 ff 62 08 49 83 3a 00 74 74 4d 3b 53 10 74 

Register to memory mapping:

RAX=0x8400f2833833c024 is an unknown value
RBX=0x00007fe403630940 is an unknown value
RCX=0x00007fe4040050d0 is an unknown value
RDX=0x00000000a1a1a1a1 is an unknown value
RSP=0x00007fff5c4b0b68 is pointing into the stack for thread: 0x00007fe4038ce800
RBP=0x00007fff5c4b0b90 is pointing into the stack for thread: 0x00007fe4038ce800
RSI=0x00007fff893b0bd0: NSAppKitVersionNumber+0x535c0 in /System/Library/Frameworks/AppKit.framework/Versions/C/AppKit at 0x00007fff8890d000
RDI=0x00007fe403630940 is an unknown value
R8 =0x0000000000000002 is an unknown value
R9 =0x00007fe40356d320 is an unknown value
R10=0x00007fff893b0bd0: NSAppKitVersionNumber+0x535c0 in /System/Library/Frameworks/AppKit.framework/Versions/C/AppKit at 0x00007fff8890d000
R11=0xf000000000000000 is an unknown value
R12=0x00007fe40354dee0 is an unknown value
R13=0x00007fe40356d100 is an unknown value
R14=0x00007fe40354de00 is an unknown value
R15=0x0000000000000090 is an unknown value


Stack: [0x00007fff5c437000,0x00007fff5c4b7000],  sp=0x00007fff5c4b0b68,  free space=486k
Native frames: (J=compiled Java code, j=interpreted, Vv=VM code, C=native code)
C  [libobjc.A.dylib+0x5097]  objc_msgSend+0x17
C  [AppKit+0x17fbe8]  -[NSView _recursiveDisplayRectIfNeededIgnoringOpacity:isVisibleRect:rectIsVisibleRectForView:topView:]+0x70b
C  [AppKit+0x180ce4]  -[NSView _recursiveDisplayRectIfNeededIgnoringOpacity:isVisibleRect:rectIsVisibleRectForView:topView:]+0x1807
C  [AppKit+0x17efd1]  -[NSThemeFrame _recursiveDisplayRectIfNeededIgnoringOpacity:isVisibleRect:rectIsVisibleRectForView:topView:]+0x13a
C  [AppKit+0x17bfbf]  -[NSView _displayRectIgnoringOpacity:isVisibleRect:rectIsVisibleRectForView:]+0xb0c
C  [AppKit+0x15b42a]  -[NSView displayIfNeeded]+0x690
C  [AppKit+0x1c085e]  _handleWindowNeedsDisplayOrLayoutOrUpdateConstraints+0x374
C  [Foundation+0x640f4]  __NSFireTimer+0x60
C  [CoreFoundation+0xb5564]  __CFRUNLOOP_IS_CALLING_OUT_TO_A_TIMER_CALLBACK_FUNCTION__+0x14
C  [CoreFoundation+0xb509f]  __CFRunLoopDoTimer+0x47f
C  [CoreFoundation+0x1265aa]  __CFRunLoopDoTimers+0x12a
C  [CoreFoundation+0x708e5]  __CFRunLoopRun+0x5f5
C  [CoreFoundation+0x700b5]  CFRunLoopRunSpecific+0x135
C  [HIToolbox+0x2ea0d]  RunCurrentEventLoopInMode+0xe2
C  [HIToolbox+0x2e7b7]  ReceiveNextEventCommon+0x1df
C  [HIToolbox+0x2e5bc]  _BlockUntilNextEventMatchingListInModeWithFilter+0x41
C  [AppKit+0x243de]  _DPSNextEvent+0x59a
C  [AppKit+0x23a2b]  -[NSApplication nextEventMatchingMask:untilDate:inMode:dequeue:]+0x7a
C  [libosxapp.dylib+0x16f4]  -[NSApplicationAWT nextEventMatchingMask:untilDate:inMode:dequeue:]+0x7c
C  [AppKit+0x17b2c]  -[NSApplication run]+0x229
C  [libosxapp.dylib+0x1557]  +[NSApplicationAWT runAWTLoopWithApp:]+0x9c
C  [liblwawt.dylib+0xdba9]  -[AWTStarter starter:]+0x369
C  [Foundation+0x6313e]  __NSThreadPerformPerform+0xe5
C  [CoreFoundation+0x7f731]  __CFRUNLOOP_IS_CALLING_OUT_TO_A_SOURCE0_PERFORM_FUNCTION__+0x11
C  [CoreFoundation+0x70ea2]  __CFRunLoopDoSources0+0xf2
C  [CoreFoundation+0x7062f]  __CFRunLoopRun+0x33f
C  [CoreFoundation+0x700b5]  CFRunLoopRunSpecific+0x135
C  [java+0x73b0]  CreateExecutionEnvironment+0x367
C  [java+0x1b5c]  JLI_Launch+0x7a0
C  [java+0x770d]  main+0x65
C  [java+0x13b4]  start+0x34


---------------  P R O C E S S  ---------------

Java Threads: ( => current thread )
  0x00007fe404096800 JavaThread "AWT-Shutdown" [_thread_blocked, id=28175, stack(0x000000010dfe1000,0x000000010e0e1000)]
  0x00007fe405063800 JavaThread "DestroyJavaVM" [_thread_blocked, id=6915, stack(0x000000010385e000,0x000000010395e000)]
  0x00007fe403970800 JavaThread "LWJGL Application" [_thread_in_native, id=62467, stack(0x0000000110d9f000,0x0000000110e9f000)]
=>0x00007fe4038ce800 JavaThread "AppKit Thread" daemon [_thread_in_native, id=1287, stack(0x00007fff5c437000,0x00007fff5c4b7000)]
  0x00007fe403815000 JavaThread "Service Thread" daemon [_thread_blocked, id=19459, stack(0x000000010c35f000,0x000000010c45f000)]
  0x00007fe403814000 JavaThread "C2 CompilerThread1" daemon [_thread_blocked, id=18947, stack(0x000000010c25c000,0x000000010c35c000)]
  0x00007fe403807000 JavaThread "C2 CompilerThread0" daemon [_thread_blocked, id=18435, stack(0x000000010c159000,0x000000010c259000)]
  0x00007fe403805000 JavaThread "Signal Dispatcher" daemon [_thread_blocked, id=17923, stack(0x000000010c056000,0x000000010c156000)]
  0x00007fe40481d800 JavaThread "Finalizer" daemon [_thread_blocked, id=13059, stack(0x000000010be14000,0x000000010bf14000)]
  0x00007fe40481b000 JavaThread "Reference Handler" daemon [_thread_blocked, id=12547, stack(0x000000010bd11000,0x000000010be11000)]

Other Threads:
  0x00007fe40481a000 VMThread [stack: 0x000000010bc0e000,0x000000010bd0e000] [id=12035]
  0x00007fe403806000 WatcherThread [stack: 0x000000010c462000,0x000000010c562000] [id=19971]

VM state:not at safepoint (normal execution)

VM Mutex/Monitor currently owned by a thread: None

Heap
 PSYoungGen      total 19456K, used 8425K [0x00000007eaa80000, 0x00000007ec000000, 0x0000000800000000)
  eden space 16896K, 49% used [0x00000007eaa80000,0x00000007eb2ba408,0x00000007ebb00000)
  from space 2560K, 0% used [0x00000007ebd80000,0x00000007ebd80000,0x00000007ec000000)
  to   space 2560K, 0% used [0x00000007ebb00000,0x00000007ebb00000,0x00000007ebd80000)
 ParOldGen       total 43520K, used 0K [0x00000007c0000000, 0x00000007c2a80000, 0x00000007eaa80000)
  object space 43520K, 0% used [0x00000007c0000000,0x00000007c0000000,0x00000007c2a80000)
 PSPermGen       total 21504K, used 5508K [0x00000007bae00000, 0x00000007bc300000, 0x00000007c0000000)
  object space 21504K, 25% used [0x00000007bae00000,0x00000007bb3612e8,0x00000007bc300000)

Card table byte_map: [0x0000000107d13000,0x0000000107f3d000] byte_map_base: 0x0000000103f3c000

Polling page: 0x000000010399d000

Code Cache  [0x0000000104c53000, 0x0000000104ec3000, 0x0000000107c53000)
 total_blobs=316 nmethods=26 adapters=245 free_code_cache=48678Kb largest_free_block=49828928

Compilation events (10 events):
Event: 0.635 Thread 0x00007fe403807000 nmethod 22 0x0000000104cc73d0 code [0x0000000104cc7500, 0x0000000104cc7598]
Event: 0.635 Thread 0x00007fe403807000   23             java.nio.StringCharBuffer::get (19 bytes)
Event: 0.638 Thread 0x00007fe403807000 nmethod 23 0x0000000104cc6ed0 code [0x0000000104cc7040, 0x0000000104cc71b8]
Event: 0.638 Thread 0x00007fe403807000   24             java.nio.Buffer::nextGetIndex (31 bytes)
Event: 0.638 Thread 0x00007fe403807000 nmethod 24 0x0000000104cc6c90 code [0x0000000104cc6dc0, 0x0000000104cc6e38]
Event: 0.638 Thread 0x00007fe403807000   25             org.lwjgl.MemoryUtil$CharSequenceNT::charAt (28 bytes)
Event: 0.640 Thread 0x00007fe403807000 nmethod 25 0x0000000104cc6910 code [0x0000000104cc6a60, 0x0000000104cc6b58]
Event: 0.643 Thread 0x00007fe403814000 nmethod 20 0x0000000104cc9a90 code [0x0000000104cc9c60, 0x0000000104cca1c0]
Event: 0.760 Thread 0x00007fe403807000   26             org.lwjgl.opengl.Sync$RunningAvg::avg (37 bytes)
Event: 0.764 Thread 0x00007fe403807000 nmethod 26 0x0000000104ccab10 code [0x0000000104ccac60, 0x0000000104ccadb8]

GC Heap History (0 events):
No events

Deoptimization events (0 events):
No events

Internal exceptions (10 events):
Event: 0.672 Thread 0x00007fe403970800 Threw 0x00000007eb1e8a78 at /HUDSON/workspace/7u-2-build-macosx-x86_64/jdk7u45/229/hotspot/src/share/vm/prims/jvm.cpp:1244
Event: 0.674 Thread 0x00007fe403970800 Threw 0x00000007eb1fc4d8 at /HUDSON/workspace/7u-2-build-macosx-x86_64/jdk7u45/229/hotspot/src/share/vm/prims/jvm.cpp:1244
Event: 0.676 Thread 0x00007fe403970800 Threw 0x00000007eb201350 at /HUDSON/workspace/7u-2-build-macosx-x86_64/jdk7u45/229/hotspot/src/share/vm/prims/jvm.cpp:1244
Event: 0.677 Thread 0x00007fe403970800 Threw 0x00000007eb206af0 at /HUDSON/workspace/7u-2-build-macosx-x86_64/jdk7u45/229/hotspot/src/share/vm/prims/jvm.cpp:1244
Event: 0.678 Thread 0x00007fe403970800 Threw 0x00000007eb20ad90 at /HUDSON/workspace/7u-2-build-macosx-x86_64/jdk7u45/229/hotspot/src/share/vm/prims/jvm.cpp:1244
Event: 0.679 Thread 0x00007fe403970800 Threw 0x00000007eb210548 at /HUDSON/workspace/7u-2-build-macosx-x86_64/jdk7u45/229/hotspot/src/share/vm/prims/jvm.cpp:1244
Event: 3.718 Thread 0x00007fe403970800 Threw 0x00000007eb215fe8 at /HUDSON/workspace/7u-2-build-macosx-x86_64/jdk7u45/229/hotspot/src/share/vm/prims/jvm.cpp:1244
Event: 3.719 Thread 0x00007fe403970800 Threw 0x00000007eb21b5c0 at /HUDSON/workspace/7u-2-build-macosx-x86_64/jdk7u45/229/hotspot/src/share/vm/prims/jvm.cpp:1244
Event: 3.720 Thread 0x00007fe403970800 Threw 0x00000007eb220f78 at /HUDSON/workspace/7u-2-build-macosx-x86_64/jdk7u45/229/hotspot/src/share/vm/prims/jvm.cpp:1244
Event: 3.724 Thread 0x00007fe403970800 Threw 0x00000007eb227110 at /HUDSON/workspace/7u-2-build-macosx-x86_64/jdk7u45/229/hotspot/src/share/vm/prims/jvm.cpp:1244

Events (10 events):
Event: 3.718 loading class 0x00007fe4036125b0
Event: 3.718 loading class 0x00007fe4036125b0 done
Event: 3.719 loading class 0x00007fe40351ff90
Event: 3.719 loading class 0x00007fe40351ff90 done
Event: 3.720 loading class 0x00007fe403520040
Event: 3.720 loading class 0x00007fe403520040 done
Event: 3.721 loading class 0x000000010a9a5ce0
Event: 3.721 loading class 0x000000010a9a5ce0 done
Event: 3.724 loading class 0x00007fe40373b0b0
Event: 3.724 loading class 0x00007fe40373b0b0 done


Dynamic libraries:
0x0000000004570000 	/System/Library/Frameworks/Cocoa.framework/Versions/A/Cocoa
0x0000000004570000 	/System/Library/Frameworks/Security.framework/Versions/A/Security
0x0000000004570000 	/System/Library/Frameworks/ApplicationServices.framework/Versions/A/ApplicationServices
0x0000000004570000 	/usr/lib/libz.1.dylib
0x0000000004570000 	/usr/lib/libSystem.B.dylib
0x0000000004570000 	/usr/lib/libobjc.A.dylib
0x0000000004570000 	/System/Library/Frameworks/CoreFoundation.framework/Versions/A/CoreFoundation
0x0000000004570000 	/System/Library/Frameworks/Foundation.framework/Versions/C/Foundation
0x0000000004570000 	/System/Library/Frameworks/AppKit.framework/Versions/C/AppKit
0x0000000004570000 	/System/Library/Frameworks/CoreData.framework/Versions/A/CoreData
0x0000000004570000 	/System/Library/PrivateFrameworks/RemoteViewServices.framework/Versions/A/RemoteViewServices
0x0000000004570000 	/System/Library/Frameworks/AudioToolbox.framework/Versions/A/AudioToolbox
0x0000000004570000 	/System/Library/Frameworks/AudioUnit.framework/Versions/A/AudioUnit
0x0000000004570000 	/System/Library/PrivateFrameworks/DataDetectorsCore.framework/Versions/A/DataDetectorsCore
0x0000000004570000 	/System/Library/PrivateFrameworks/DesktopServicesPriv.framework/Versions/A/DesktopServicesPriv
0x0000000004570000 	/System/Library/Frameworks/Carbon.framework/Versions/A/Frameworks/HIToolbox.framework/Versions/A/HIToolbox
0x0000000004570000 	/System/Library/Frameworks/QuartzCore.framework/Versions/A/QuartzCore
0x0000000004570000 	/System/Library/Frameworks/Carbon.framework/Versions/A/Frameworks/SpeechRecognition.framework/Versions/A/SpeechRecognition
0x0000000004570000 	/usr/lib/libauto.dylib
0x0000000004570000 	/usr/lib/libicucore.A.dylib
0x0000000004570000 	/usr/lib/libxml2.2.dylib
0x0000000004570000 	/System/Library/PrivateFrameworks/CoreUI.framework/Versions/A/CoreUI
0x0000000004570000 	/System/Library/Frameworks/CoreAudio.framework/Versions/A/CoreAudio
0x0000000004570000 	/System/Library/Frameworks/DiskArbitration.framework/Versions/A/DiskArbitration
0x0000000004570000 	/usr/lib/liblangid.dylib
0x0000000004570000 	/System/Library/PrivateFrameworks/MultitouchSupport.framework/Versions/A/MultitouchSupport
0x0000000004570000 	/System/Library/Frameworks/IOKit.framework/Versions/A/IOKit
0x0000000004570000 	/usr/lib/libDiagnosticMessagesClient.dylib
0x0000000004570000 	/System/Library/Frameworks/CoreServices.framework/Versions/A/CoreServices
0x0000000004570000 	/System/Library/PrivateFrameworks/PerformanceAnalysis.framework/Versions/A/PerformanceAnalysis
0x0000000004570000 	/System/Library/PrivateFrameworks/GenerationalStorage.framework/Versions/A/GenerationalStorage
0x0000000004570000 	/System/Library/Frameworks/OpenGL.framework/Versions/A/OpenGL
0x0000000004570000 	/System/Library/PrivateFrameworks/Sharing.framework/Versions/A/Sharing
0x0000000004570000 	/System/Library/Frameworks/ImageIO.framework/Versions/A/ImageIO
0x0000000004570000 	/System/Library/Frameworks/CoreText.framework/Versions/A/CoreText
0x0000000004570000 	/System/Library/Frameworks/CoreGraphics.framework/Versions/A/CoreGraphics
0x0000000004570000 	/System/Library/PrivateFrameworks/Backup.framework/Versions/A/Backup
0x0000000004570000 	/System/Library/Frameworks/CFNetwork.framework/Versions/A/CFNetwork
0x0000000004570000 	/System/Library/Frameworks/SystemConfiguration.framework/Versions/A/SystemConfiguration
0x0000000004570000 	/usr/lib/libCRFSuite.dylib
0x0000000004570000 	/usr/lib/libc++.1.dylib
0x0000000004570000 	/usr/lib/libc++abi.dylib
0x0000000004570000 	/usr/lib/system/libcache.dylib
0x0000000004570000 	/usr/lib/system/libcommonCrypto.dylib
0x0000000004570000 	/usr/lib/system/libcompiler_rt.dylib
0x0000000004570000 	/usr/lib/system/libcopyfile.dylib
0x0000000004570000 	/usr/lib/system/libcorecrypto.dylib
0x0000000004570000 	/usr/lib/system/libdispatch.dylib
0x0000000004570000 	/usr/lib/system/libdyld.dylib
0x0000000004570000 	/usr/lib/system/libkeymgr.dylib
0x0000000004570000 	/usr/lib/system/liblaunch.dylib
0x0000000004570000 	/usr/lib/system/libmacho.dylib
0x0000000004570000 	/usr/lib/system/libquarantine.dylib
0x0000000004570000 	/usr/lib/system/libremovefile.dylib
0x0000000004570000 	/usr/lib/system/libsystem_asl.dylib
0x0000000004570000 	/usr/lib/system/libsystem_blocks.dylib
0x0000000004570000 	/usr/lib/system/libsystem_c.dylib
0x0000000004570000 	/usr/lib/system/libsystem_configuration.dylib
0x0000000004570000 	/usr/lib/system/libsystem_dnssd.dylib
0x0000000004570000 	/usr/lib/system/libsystem_info.dylib
0x0000000004570000 	/usr/lib/system/libsystem_kernel.dylib
0x0000000004570000 	/usr/lib/system/libsystem_m.dylib
0x0000000004570000 	/usr/lib/system/libsystem_malloc.dylib
0x0000000004570000 	/usr/lib/system/libsystem_network.dylib
0x0000000004570000 	/usr/lib/system/libsystem_notify.dylib
0x0000000004570000 	/usr/lib/system/libsystem_platform.dylib
0x0000000004570000 	/usr/lib/system/libsystem_pthread.dylib
0x0000000004570000 	/usr/lib/system/libsystem_sandbox.dylib
0x0000000004570000 	/usr/lib/system/libsystem_stats.dylib
0x0000000004570000 	/usr/lib/system/libunc.dylib
0x0000000004570000 	/usr/lib/system/libunwind.dylib
0x0000000004570000 	/usr/lib/system/libxpc.dylib
0x0000000004570000 	/usr/lib/libbsm.0.dylib
0x0000000004570000 	/usr/lib/libsqlite3.dylib
0x0000000004570000 	/usr/lib/libxar.1.dylib
0x0000000004570000 	/usr/lib/libpam.2.dylib
0x0000000004570000 	/usr/lib/libOpenScriptingUtil.dylib
0x0000000004570000 	/usr/lib/libbz2.1.0.dylib
0x0000000004570000 	/System/Library/Frameworks/CoreServices.framework/Versions/A/Frameworks/CarbonCore.framework/Versions/A/CarbonCore
0x0000000004570000 	/System/Library/Frameworks/CoreServices.framework/Versions/A/Frameworks/Metadata.framework/Versions/A/Metadata
0x0000000004570000 	/System/Library/Frameworks/CoreServices.framework/Versions/A/Frameworks/OSServices.framework/Versions/A/OSServices
0x0000000004570000 	/System/Library/Frameworks/CoreServices.framework/Versions/A/Frameworks/SearchKit.framework/Versions/A/SearchKit
0x0000000004570000 	/System/Library/Frameworks/CoreServices.framework/Versions/A/Frameworks/AE.framework/Versions/A/AE
0x0000000004570000 	/System/Library/Frameworks/CoreServices.framework/Versions/A/Frameworks/LaunchServices.framework/Versions/A/LaunchServices
0x0000000004570000 	/System/Library/Frameworks/CoreServices.framework/Versions/A/Frameworks/DictionaryServices.framework/Versions/A/DictionaryServices
0x0000000004570000 	/System/Library/Frameworks/NetFS.framework/Versions/A/NetFS
0x0000000004570000 	/usr/lib/system/libkxld.dylib
0x0000000004570000 	/System/Library/PrivateFrameworks/NetAuth.framework/Versions/A/NetAuth
0x0000000004570000 	/System/Library/PrivateFrameworks/TCC.framework/Versions/A/TCC
0x0000000004570000 	/System/Library/Frameworks/OpenDirectory.framework/Versions/A/Frameworks/CFOpenDirectory.framework/Versions/A/CFOpenDirectory
0x0000000004570000 	/System/Library/Frameworks/ServiceManagement.framework/Versions/A/ServiceManagement
0x0000000004570000 	/usr/lib/libxslt.1.dylib
0x0000000004570000 	/System/Library/Frameworks/Carbon.framework/Versions/A/Frameworks/Ink.framework/Versions/A/Ink
0x0000000004570000 	/System/Library/Frameworks/ApplicationServices.framework/Versions/A/Frameworks/ATS.framework/Versions/A/ATS
0x0000000004570000 	/System/Library/Frameworks/ApplicationServices.framework/Versions/A/Frameworks/ColorSync.framework/Versions/A/ColorSync
0x0000000004570000 	/System/Library/Frameworks/ApplicationServices.framework/Versions/A/Frameworks/HIServices.framework/Versions/A/HIServices
0x0000000004570000 	/System/Library/Frameworks/ApplicationServices.framework/Versions/A/Frameworks/LangAnalysis.framework/Versions/A/LangAnalysis
0x0000000004570000 	/System/Library/Frameworks/ApplicationServices.framework/Versions/A/Frameworks/PrintCore.framework/Versions/A/PrintCore
0x0000000004570000 	/System/Library/Frameworks/ApplicationServices.framework/Versions/A/Frameworks/QD.framework/Versions/A/QD
0x0000000004570000 	/System/Library/Frameworks/ApplicationServices.framework/Versions/A/Frameworks/SpeechSynthesis.framework/Versions/A/SpeechSynthesis
0x0000000004570000 	/System/Library/Frameworks/IOSurface.framework/Versions/A/IOSurface
0x0000000004570000 	/System/Library/Frameworks/Accelerate.framework/Versions/A/Accelerate
0x0000000004570000 	/System/Library/Frameworks/Accelerate.framework/Versions/A/Frameworks/vImage.framework/Versions/A/vImage
0x0000000004570000 	/System/Library/Frameworks/Accelerate.framework/Versions/A/Frameworks/vecLib.framework/Versions/A/vecLib
0x0000000004570000 	/System/Library/Frameworks/Accelerate.framework/Versions/A/Frameworks/vecLib.framework/Versions/A/libvDSP.dylib
0x0000000004570000 	/System/Library/Frameworks/Accelerate.framework/Versions/A/Frameworks/vecLib.framework/Versions/A/libvMisc.dylib
0x0000000004570000 	/System/Library/Frameworks/Accelerate.framework/Versions/A/Frameworks/vecLib.framework/Versions/A/libLAPACK.dylib
0x0000000004570000 	/System/Library/Frameworks/Accelerate.framework/Versions/A/Frameworks/vecLib.framework/Versions/A/libBLAS.dylib
0x0000000004570000 	/System/Library/Frameworks/ApplicationServices.framework/Versions/A/Frameworks/ATS.framework/Versions/A/Resources/libFontParser.dylib
0x0000000004570000 	/System/Library/Frameworks/ApplicationServices.framework/Versions/A/Frameworks/ATS.framework/Versions/A/Resources/libFontRegistry.dylib
0x0000000004570000 	/System/Library/Frameworks/ImageIO.framework/Versions/A/Resources/libJPEG.dylib
0x0000000004570000 	/System/Library/Frameworks/ImageIO.framework/Versions/A/Resources/libTIFF.dylib
0x0000000004570000 	/System/Library/Frameworks/ImageIO.framework/Versions/A/Resources/libPng.dylib
0x0000000004570000 	/System/Library/Frameworks/ImageIO.framework/Versions/A/Resources/libGIF.dylib
0x0000000004570000 	/System/Library/Frameworks/ImageIO.framework/Versions/A/Resources/libJP2.dylib
0x0000000004570000 	/System/Library/Frameworks/ImageIO.framework/Versions/A/Resources/libRadiance.dylib
0x0000000004570000 	/usr/lib/libcups.2.dylib
0x0000000004570000 	/System/Library/Frameworks/Kerberos.framework/Versions/A/Kerberos
0x0000000004570000 	/System/Library/Frameworks/GSS.framework/Versions/A/GSS
0x0000000004570000 	/usr/lib/libresolv.9.dylib
0x0000000004570000 	/usr/lib/libiconv.2.dylib
0x0000000004570000 	/System/Library/PrivateFrameworks/Heimdal.framework/Versions/A/Heimdal
0x0000000004570000 	/System/Library/PrivateFrameworks/TrustEvaluationAgent.framework/Versions/A/TrustEvaluationAgent
0x0000000004570000 	/usr/lib/libheimdal-asn1.dylib
0x0000000004570000 	/System/Library/Frameworks/OpenDirectory.framework/Versions/A/OpenDirectory
0x0000000004570000 	/System/Library/PrivateFrameworks/CommonAuth.framework/Versions/A/CommonAuth
0x0000000004570000 	/System/Library/Frameworks/SecurityFoundation.framework/Versions/A/SecurityFoundation
0x0000000004570000 	/System/Library/PrivateFrameworks/Bom.framework/Versions/A/Bom
0x0000000004570000 	/System/Library/Frameworks/CoreVideo.framework/Versions/A/CoreVideo
0x0000000004570000 	/System/Library/Frameworks/QuartzCore.framework/Versions/A/Frameworks/CoreImage.framework/Versions/A/CoreImage
0x0000000004570000 	/System/Library/Frameworks/QuartzCore.framework/Versions/A/Frameworks/ScalableUserInterface.framework/Versions/A/ScalableUserInterface
0x0000000004570000 	/System/Library/Frameworks/OpenGL.framework/Versions/A/Libraries/libGLU.dylib
0x0000000004570000 	/System/Library/Frameworks/OpenGL.framework/Versions/A/Libraries/libGFXShared.dylib
0x0000000004570000 	/System/Library/Frameworks/OpenGL.framework/Versions/A/Libraries/libGL.dylib
0x0000000004570000 	/System/Library/Frameworks/OpenGL.framework/Versions/A/Libraries/libGLImage.dylib
0x0000000004570000 	/System/Library/Frameworks/OpenGL.framework/Versions/A/Libraries/libCVMSPluginSupport.dylib
0x0000000004570000 	/System/Library/Frameworks/OpenGL.framework/Versions/A/Libraries/libCoreVMClient.dylib
0x0000000004570000 	/System/Library/PrivateFrameworks/FaceCore.framework/Versions/A/FaceCore
0x0000000004570000 	/System/Library/PrivateFrameworks/CrashReporterSupport.framework/Versions/A/CrashReporterSupport
0x0000000004570000 	/System/Library/Frameworks/OpenCL.framework/Versions/A/OpenCL
0x0000000004570000 	/System/Library/PrivateFrameworks/AppleFSCompression.framework/Versions/A/AppleFSCompression
0x0000000004570000 	/System/Library/PrivateFrameworks/Ubiquity.framework/Versions/A/Ubiquity
0x0000000004570000 	/System/Library/PrivateFrameworks/IconServices.framework/Versions/A/IconServices
0x0000000004570000 	/System/Library/PrivateFrameworks/ChunkingLibrary.framework/Versions/A/ChunkingLibrary
0x0000000004570000 	/System/Library/PrivateFrameworks/CoreSymbolication.framework/Versions/A/CoreSymbolication
0x0000000004570000 	/System/Library/PrivateFrameworks/Symbolication.framework/Versions/A/Symbolication
0x0000000004570000 	/System/Library/PrivateFrameworks/DebugSymbols.framework/Versions/A/DebugSymbols
0x0000000104200000 	/Library/Java/JavaVirtualMachines/jdk1.7.0_45.jdk/Contents/Home/jre/lib/server/libjvm.dylib
0x0000000004570000 	/usr/lib/libstdc++.6.dylib
0x0000000103960000 	/Library/Java/JavaVirtualMachines/jdk1.7.0_45.jdk/Contents/Home/jre/lib/libverify.dylib
0x000000010396d000 	/Library/Java/JavaVirtualMachines/jdk1.7.0_45.jdk/Contents/Home/jre/lib/libjava.dylib
0x00000001039a7000 	/Library/Java/JavaVirtualMachines/jdk1.7.0_45.jdk/Contents/Home/jre/lib/libzip.dylib
0x000000010bf16000 	/System/Library/Frameworks/JavaVM.framework/Frameworks/JavaRuntimeSupport.framework/JavaRuntimeSupport
0x000000010bf2e000 	/System/Library/Frameworks/JavaVM.framework/Versions/A/Frameworks/JavaNativeFoundation.framework/Versions/A/JavaNativeFoundation
0x00000001039f0000 	/System/Library/Frameworks/JavaVM.framework/Versions/A/JavaVM
0x0000000004570000 	/System/Library/Frameworks/Carbon.framework/Versions/A/Carbon
0x000000010bf43000 	/System/Library/PrivateFrameworks/JavaLaunching.framework/Versions/A/JavaLaunching
0x0000000004570000 	/System/Library/Frameworks/Carbon.framework/Versions/A/Frameworks/CommonPanels.framework/Versions/A/CommonPanels
0x0000000004570000 	/System/Library/Frameworks/Carbon.framework/Versions/A/Frameworks/Help.framework/Versions/A/Help
0x0000000004570000 	/System/Library/Frameworks/Carbon.framework/Versions/A/Frameworks/ImageCapture.framework/Versions/A/ImageCapture
0x0000000004570000 	/System/Library/Frameworks/Carbon.framework/Versions/A/Frameworks/OpenScripting.framework/Versions/A/OpenScripting
0x0000000004570000 	/System/Library/Frameworks/Carbon.framework/Versions/A/Frameworks/Print.framework/Versions/A/Print
0x0000000004570000 	/System/Library/Frameworks/Carbon.framework/Versions/A/Frameworks/SecurityHI.framework/Versions/A/SecurityHI
0x000000010c5ef000 	/private/var/folders/xc/yslnflf16p18bdtm4pj69kxw0000gn/T/libgdxUSER/92bf976d/libgdx.dylib
0x000000010c653000 	/Library/Java/JavaVirtualMachines/jdk1.7.0_45.jdk/Contents/Home/jre/lib/libawt.dylib
0x000000010c702000 	/Library/Java/JavaVirtualMachines/jdk1.7.0_45.jdk/Contents/Home/jre/lib/./libmlib_image.dylib
0x000000010c7ce000 	/Library/Java/JavaVirtualMachines/jdk1.7.0_45.jdk/Contents/Home/jre/lib/lwawt/liblwawt.dylib
0x000000010c882000 	/Library/Java/JavaVirtualMachines/jdk1.7.0_45.jdk/Contents/Home/jre/lib/libosxapp.dylib
0x0000000004570000 	/System/Library/Frameworks/ExceptionHandling.framework/Versions/A/ExceptionHandling
0x0000000004570000 	/System/Library/PrivateFrameworks/CoreServicesInternal.framework/Versions/A/CoreServicesInternal
0x0000000004570000 	/System/Library/PrivateFrameworks/Librarian.framework/Versions/A/Librarian
0x0000000004570000 	/System/Library/Frameworks/CoreGraphics.framework/Versions/A/Resources/libCGCMS.A.dylib
0x0000000004570000 	/System/Library/Frameworks/CoreGraphics.framework/Versions/A/Resources/libRIP.A.dylib
0x0000000004570000 	/System/Library/Frameworks/CoreGraphics.framework/Versions/A/Resources/libCGXType.A.dylib
0x0000000004570000 	/System/Library/PrivateFrameworks/FamilyControls.framework/Versions/A/FamilyControls
0x0000000004570000 	/System/Library/PrivateFrameworks/CommerceKit.framework/Versions/A/Frameworks/CommerceCore.framework/Versions/A/CommerceCore
0x0000000004570000 	/System/Library/PrivateFrameworks/SystemAdministration.framework/Versions/A/SystemAdministration
0x0000000004570000 	/System/Library/Frameworks/DirectoryService.framework/Versions/A/DirectoryService
0x0000000004570000 	/System/Library/PrivateFrameworks/DiskImages.framework/Versions/A/DiskImages
0x0000000004570000 	/System/Library/PrivateFrameworks/LoginUIKit.framework/Versions/A/Frameworks/LoginUICore.framework/Versions/A/LoginUICore
0x0000000004570000 	/usr/lib/libCoreStorage.dylib
0x0000000004570000 	/usr/lib/libcsfde.dylib
0x0000000004570000 	/usr/lib/libodfde.dylib
0x0000000004570000 	/System/Library/Frameworks/DiscRecording.framework/Versions/A/DiscRecording
0x0000000004570000 	/usr/lib/libcurl.4.dylib
0x0000000004570000 	/System/Library/PrivateFrameworks/MediaKit.framework/Versions/A/MediaKit
0x0000000004570000 	/System/Library/PrivateFrameworks/EFILogin.framework/Versions/A/EFILogin
0x0000000004570000 	/usr/lib/libutil.dylib
0x0000000004570000 	/System/Library/PrivateFrameworks/AOSNotification.framework/Versions/A/AOSNotification
0x0000000004570000 	/System/Library/Frameworks/LDAP.framework/Versions/A/LDAP
0x0000000004570000 	/usr/lib/libsasl2.2.dylib
0x0000000004570000 	/usr/lib/libcrypto.0.9.8.dylib
0x0000000004570000 	/usr/lib/libssl.0.9.8.dylib
0x00000001108cd000 	/Library/Java/JavaVirtualMachines/jdk1.7.0_45.jdk/Contents/Home/jre/lib/libfontmanager.dylib
0x0000000110931000 	/private/var/folders/xc/yslnflf16p18bdtm4pj69kxw0000gn/T/libgdxUSER/75260a42/liblwjgl.jnilib
0x000000010e10c000 	/Library/Java/JavaVirtualMachines/jdk1.7.0_45.jdk/Contents/Home/jre/lib/libjawt.dylib
0x00000001109ac000 	/var/folders/xc/yslnflf16p18bdtm4pj69kxw0000gn/T/libgdxUSER/75260a42/openal.dylib
0x0000000110a53000 	/System/Library/Components/CoreAudio.component/Contents/MacOS/CoreAudio
0x000000010e132000 	/System/Library/Extensions/AppleHDA.kext/Contents/PlugIns/AppleHDAHALPlugIn.bundle/Contents/MacOS/AppleHDAHALPlugIn
0x0000000004570000 	/System/Library/Frameworks/OpenGL.framework/Versions/A/Resources/GLEngine.bundle/GLEngine
0x0000000004570000 	/System/Library/Frameworks/OpenGL.framework/Versions/A/Libraries/libGLProgrammability.dylib
0x0000000000000000 	/System/Library/Extensions/AppleIntelHD5000GraphicsGLDriver.bundle/Contents/MacOS/AppleIntelHD5000GraphicsGLDriver
0x0000000004570000 	/System/Library/PrivateFrameworks/IOAccelerator.framework/Versions/A/IOAccelerator
0x0000000004570000 	/System/Library/PrivateFrameworks/GPUSupport.framework/Versions/A/Libraries/libGPUSupportMercury.dylib
0x0000000004570000 	/System/Library/Frameworks/OpenGL.framework/Versions/A/Resources/GLRendererFloat.bundle/GLRendererFloat
0x0000000004570000 	/System/Library/Frameworks/OpenCL.framework/Versions/A/Libraries/libcldcpuengine.dylib

VM Arguments:
jvm_args: -Dfile.encoding=US-ASCII 
java_command: com.mikqmas.ZombieBird.Main
Launcher Type: SUN_STANDARD

Environment Variables:
PATH=/usr/bin:/bin:/usr/sbin:/sbin
SHELL=/bin/bash

Signal Handlers:
SIGSEGV: [libjvm.dylib+0x525415], sa_mask[0]=0xfffefeff, sa_flags=0x00000043
SIGBUS: [libjvm.dylib+0x525415], sa_mask[0]=0xfffefeff, sa_flags=0x00000042
SIGFPE: [libjvm.dylib+0x41891a], sa_mask[0]=0xfffefeff, sa_flags=0x00000042
SIGPIPE: [libjvm.dylib+0x41891a], sa_mask[0]=0xfffefeff, sa_flags=0x00000042
SIGXFSZ: [libjvm.dylib+0x41891a], sa_mask[0]=0xfffefeff, sa_flags=0x00000042
SIGILL: [libjvm.dylib+0x41891a], sa_mask[0]=0xfffefeff, sa_flags=0x00000042
SIGUSR1: SIG_DFL, sa_mask[0]=0x00000000, sa_flags=0x00000002
SIGUSR2: [libjvm.dylib+0x41840c], sa_mask[0]=0x00000004, sa_flags=0x00000042
SIGHUP: [libjvm.dylib+0x41669b], sa_mask[0]=0xfffefeff, sa_flags=0x00000042
SIGINT: [libjvm.dylib+0x41669b], sa_mask[0]=0xfffefeff, sa_flags=0x00000042
SIGTERM: [libjvm.dylib+0x41669b], sa_mask[0]=0xfffefeff, sa_flags=0x00000042
SIGQUIT: [libjvm.dylib+0x41669b], sa_mask[0]=0xfffefeff, sa_flags=0x00000042


---------------  S Y S T E M  ---------------

OS:Bsduname:Darwin 13.1.0 Darwin Kernel Version 13.1.0: Thu Jan 16 19:40:37 PST 2014; root:xnu-2422.90.20~2/RELEASE_X86_64 x86_64
rlimit: STACK 8192k, CORE 0k, NPROC 709, NOFILE 10240, AS infinity
load average:1.66 1.93 2.10

CPU:total 4 (2 cores per cpu, 2 threads per core) family 6 model 69 stepping 1, cmov, cx8, fxsr, mmx, sse, sse2, sse3, ssse3, sse4.1, sse4.2, popcnt, avx, avx2, aes, erms, ht, tsc, tscinvbit

Memory: 4k page, physical 4194304k(1048576k free)

/proc/meminfo:


vm_info: Java HotSpot(TM) 64-Bit Server VM (24.45-b08) for bsd-amd64 JRE (1.7.0_45-b18), built on Oct  8 2013 05:54:16 by "java_re" with gcc 4.2.1 (Based on Apple Inc. build 5658) (LLVM build 2336.11.00)

time: Wed Apr  2 17:43:56 2014
elapsed time: 3 seconds

