#
# A fatal error has been detected by the Java Runtime Environment:
#
#  SIGSEGV (0xb) at pc=0x00007fff85762097, pid=979, tid=1287
#
# JRE version: Java(TM) SE Runtime Environment (7.0_45-b18) (build 1.7.0_45-b18)
# Java VM: Java HotSpot(TM) 64-Bit Server VM (24.45-b08 mixed mode bsd-amd64 compressed oops)
# Problematic frame:
# C  [libobjc.A.dylib+0x5097]  objc_msgSend+0x17
#
# Failed to write core dump. Core dumps have been disabled. To enable core dumping, try "ulimit -c unlimited" before starting Java again
#
# If you would like to submit a bug report, please visit:
#   http://bugreport.sun.com/bugreport/crash.jsp
# The crash happened outside the Java Virtual Machine in native code.
# See problematic frame for where to report the bug.
#

---------------  T H R E A D  ---------------

Current thread (0x00007fcbb38ae800):  JavaThread "AppKit Thread" daemon [_thread_in_native, id=1287, stack(0x00007fff59619000,0x00007fff59699000)]

siginfo:si_signo=SIGSEGV: si_errno=0, si_code=0 (SEGV0), si_addr=0x0000000000000000

Registers:
RAX=0x00007fcbb34044b0, RBX=0x00000000000f42ee, RCX=0x0000000000000000, RDX=0x00007fcbb3785950
RSP=0x00007fff59694618, RBP=0x00007fff59694620, RSI=0x00007fff893b0b9f, RDI=0x00007fcbb34044b0
R8 =0x0000000000000040, R9 =0x00007fff59694600, R10=0x00007fff893b0b9f, R11=0x500007fcbb343f99
R12=0x00000000000f42ee, R13=0x00007fff596947e8, R14=0x00007fcbb3786e80, R15=0x00007fff59694748
RIP=0x00007fff85762097, EFLAGS=0x0000000000010246, ERR=0x0000000000000000
  TRAPNO=0x000000000000000d

Top of Stack: (sp=0x00007fff59694618)
0x00007fff59694618:   00007fff9077de0c 00007fff59694980
0x00007fff59694628:   00007fff90671a6d 0000000000000003
0x00007fff59694638:   0000000106583a00 00007fff59694680
0x00007fff59694648:   00007fff8e719272 00000000000007e0
0x00007fff59694658:   00000000000f42f0 0000000000000002
0x00007fff59694668:   00007fcbb3625600 00007fcbb3624e70
0x00007fff59694678:   00007fcbb36041e0 00007fcbb3785950
0x00007fff59694688:   00007fff59694740 0000000000000000
0x00007fff59694698:   00000000000f42ee 0000000000000054
0x00007fff596946a8:   00007fff596947c0 0000000000000000
0x00007fff596946b8:   0000000000000001 00007fcbb36041d0
0x00007fff596946c8:   000000000000004f 000000000000eb3e
0x00007fff596946d8:   0000010000000000 00007fff7533ba60
0x00007fff596946e8:   00002060009936ea 00007fff59694840
0x00007fff596946f8:   0000000000000000 00007fff596947d8
0x00007fff59694708:   00007fff596947b8 00007fff7533ba48
0x00007fff59694718:   0000000000000000 0000000000000007
0x00007fff59694728:   00007fff899936ea 00007fff7575bd38
0x00007fff59694738:   0000000000000000 00007fcbb3625680
0x00007fff59694748:   00007fcbb3786e80 00007fff880c0b08
0x00007fff59694758:   0000000000000000 00007fff59694820
0x00007fff59694768:   00007fff8730fdde 00007fff754b00d0
0x00007fff59694778:   0000000042000000 00007fff873181d1
0x00007fff59694788:   00007fff75317b40 00007fff59694888
0x00007fff59694798:   00007fff596947b8 00007fff596947d8
0x00007fff596947a8:   0000000000000000 0000000106580001
0x00007fff596947b8:   0000000000000000 000000000000004d
0x00007fff596947c8:   0000000000000000 00000000000f42e2
0x00007fff596947d8:   000000000000004f 0000000000000000
0x00007fff596947e8:   00000000000f42ee 0000000159694890
0x00007fff596947f8:   00007fff89994261 00007fff74f63748
0x00007fff59694808:   00007fff74f6374c 0000000074f5f1b8 

Instructions: (pc=0x00007fff85762097)
0x00007fff85762077:   90 90 90 90 90 90 90 90 90 48 85 ff 2e 74 72 40
0x00007fff85762087:   f6 c7 01 2e 0f 85 7e 00 00 00 4c 8b 1f 49 89 f2
0x00007fff85762097:   45 23 53 18 49 c1 e2 04 4d 03 53 10 49 3b 32 75
0x00007fff857620a7:   04 41 ff 62 08 49 83 3a 00 74 74 4d 3b 53 10 74 

Register to memory mapping:

RAX=0x00007fcbb34044b0 is an unknown value
RBX=0x00000000000f42ee is an unknown value
RCX=0x0000000000000000 is an unknown value
RDX=0x00007fcbb3785950 is an unknown value
RSP=0x00007fff59694618 is pointing into the stack for thread: 0x00007fcbb38ae800
RBP=0x00007fff59694620 is pointing into the stack for thread: 0x00007fcbb38ae800
RSI=0x00007fff893b0b9f: NSAppKitVersionNumber+0x5358f in /System/Library/Frameworks/AppKit.framework/Versions/C/AppKit at 0x00007fff8890d000
RDI=0x00007fcbb34044b0 is an unknown value
R8 =0x0000000000000040 is an unknown value
R9 =0x00007fff59694600 is pointing into the stack for thread: 0x00007fcbb38ae800
R10=0x00007fff893b0b9f: NSAppKitVersionNumber+0x5358f in /System/Library/Frameworks/AppKit.framework/Versions/C/AppKit at 0x00007fff8890d000
R11=0x500007fcbb343f99 is an unknown value
R12=0x00000000000f42ee is an unknown value
R13=0x00007fff596947e8 is pointing into the stack for thread: 0x00007fcbb38ae800
R14=0x00007fcbb3786e80 is an unknown value
R15=0x00007fff59694748 is pointing into the stack for thread: 0x00007fcbb38ae800


Stack: [0x00007fff59619000,0x00007fff59699000],  sp=0x00007fff59694618,  free space=493k
Native frames: (J=compiled Java code, j=interpreted, Vv=VM code, C=native code)
C  [libobjc.A.dylib+0x5097]  objc_msgSend+0x17
C  [CoreFoundation+0x10a6d]  _CFXNotificationPost+0xb4d
C  [Foundation+0x27ba]  -[NSNotificationCenter postNotificationName:object:userInfo:]+0x44
C  [AppKit+0x10f719]  -[NSSurface _disposeSurface]+0x98
C  [AppKit+0x10f1b5]  -[NSSurface setWindow:]+0x46
C  [AppKit+0x3b0b7]  -[NSView _setWindow:]+0x8ea
C  [AppKit+0x3c10a]  -[NSView removeFromSuperview]+0x15e
C  [AppKit+0x98889]  -[NSView removeFromSuperviewWithoutNeedingDisplay]+0x26
C  [liblwjgl.jnilib+0x936e]  +[MacOSXKeyableWindow destroyWindow]+0xde
C  [Foundation+0x6313e]  __NSThreadPerformPerform+0xe5
C  [CoreFoundation+0x7f731]  __CFRUNLOOP_IS_CALLING_OUT_TO_A_SOURCE0_PERFORM_FUNCTION__+0x11
C  [CoreFoundation+0x70ea2]  __CFRunLoopDoSources0+0xf2
C  [CoreFoundation+0x7062f]  __CFRunLoopRun+0x33f
C  [CoreFoundation+0x700b5]  CFRunLoopRunSpecific+0x135
C  [HIToolbox+0x2ea0d]  RunCurrentEventLoopInMode+0xe2
C  [HIToolbox+0x2e7b7]  ReceiveNextEventCommon+0x1df
C  [HIToolbox+0x2e5bc]  _BlockUntilNextEventMatchingListInModeWithFilter+0x41
C  [AppKit+0x243de]  _DPSNextEvent+0x59a
C  [AppKit+0x23a2b]  -[NSApplication nextEventMatchingMask:untilDate:inMode:dequeue:]+0x7a
C  [libosxapp.dylib+0x16f4]  -[NSApplicationAWT nextEventMatchingMask:untilDate:inMode:dequeue:]+0x7c
C  [AppKit+0x17b2c]  -[NSApplication run]+0x229
C  [libosxapp.dylib+0x1557]  +[NSApplicationAWT runAWTLoopWithApp:]+0x9c
C  [liblwawt.dylib+0xdba9]  -[AWTStarter starter:]+0x369
C  [Foundation+0x6313e]  __NSThreadPerformPerform+0xe5
C  [CoreFoundation+0x7f731]  __CFRUNLOOP_IS_CALLING_OUT_TO_A_SOURCE0_PERFORM_FUNCTION__+0x11
C  [CoreFoundation+0x70ea2]  __CFRunLoopDoSources0+0xf2
C  [CoreFoundation+0x7062f]  __CFRunLoopRun+0x33f
C  [CoreFoundation+0x700b5]  CFRunLoopRunSpecific+0x135
C  [java+0x73b0]  CreateExecutionEnvironment+0x367
C  [java+0x1b5c]  JLI_Launch+0x7a0
C  [java+0x770d]  main+0x65
C  [java+0x13b4]  start+0x34


---------------  P R O C E S S  ---------------

Java Threads: ( => current thread )
  0x00007fcbb493e800 JavaThread "AWT-Shutdown" [_thread_blocked, id=29459, stack(0x0000000111139000,0x0000000111239000)]
  0x00007fcbb508f000 JavaThread "DestroyJavaVM" [_thread_blocked, id=6915, stack(0x000000010667c000,0x000000010677c000)]
  0x00007fcbb38d1000 JavaThread "LWJGL Application" [_thread_in_native, id=62979, stack(0x0000000113bc3000,0x0000000113cc3000)]
=>0x00007fcbb38ae800 JavaThread "AppKit Thread" daemon [_thread_in_native, id=1287, stack(0x00007fff59619000,0x00007fff59699000)]
  0x00007fcbb501d800 JavaThread "Service Thread" daemon [_thread_blocked, id=19459, stack(0x000000010f182000,0x000000010f282000)]
  0x00007fcbb4841000 JavaThread "C2 CompilerThread1" daemon [_thread_blocked, id=18947, stack(0x000000010f07f000,0x000000010f17f000)]
  0x00007fcbb4801000 JavaThread "C2 CompilerThread0" daemon [_thread_blocked, id=18435, stack(0x000000010ef7c000,0x000000010f07c000)]
  0x00007fcbb5010800 JavaThread "Signal Dispatcher" daemon [_thread_blocked, id=17923, stack(0x000000010ee79000,0x000000010ef79000)]
  0x00007fcbb500f800 JavaThread "Finalizer" daemon [_thread_blocked, id=13059, stack(0x000000010ec2a000,0x000000010ed2a000)]
  0x00007fcbb482f000 JavaThread "Reference Handler" daemon [_thread_blocked, id=12547, stack(0x000000010eb27000,0x000000010ec27000)]

Other Threads:
  0x00007fcbb5009800 VMThread [stack: 0x000000010ea24000,0x000000010eb24000] [id=12035]
  0x00007fcbb4836000 WatcherThread [stack: 0x000000010f285000,0x000000010f385000] [id=19971]

VM state:not at safepoint (normal execution)

VM Mutex/Monitor currently owned by a thread: None

Heap
 PSYoungGen      total 19456K, used 9916K [0x00000007eaa80000, 0x00000007ec000000, 0x0000000800000000)
  eden space 16896K, 58% used [0x00000007eaa80000,0x00000007eb42f358,0x00000007ebb00000)
  from space 2560K, 0% used [0x00000007ebd80000,0x00000007ebd80000,0x00000007ec000000)
  to   space 2560K, 0% used [0x00000007ebb00000,0x00000007ebb00000,0x00000007ebd80000)
 ParOldGen       total 43520K, used 0K [0x00000007c0000000, 0x00000007c2a80000, 0x00000007eaa80000)
  object space 43520K, 0% used [0x00000007c0000000,0x00000007c0000000,0x00000007c2a80000)
 PSPermGen       total 21504K, used 5934K [0x00000007bae00000, 0x00000007bc300000, 0x00000007c0000000)
  object space 21504K, 27% used [0x00000007bae00000,0x00000007bb3cbbf8,0x00000007bc300000)

Card table byte_map: [0x000000010ab13000,0x000000010ad3d000] byte_map_base: 0x0000000106d3c000

Polling page: 0x00000001067bb000

Code Cache  [0x0000000107a53000, 0x0000000107cc3000, 0x000000010aa53000)
 total_blobs=363 nmethods=40 adapters=278 free_code_cache=48652Kb largest_free_block=49798016

Compilation events (10 events):
Event: 10.570 Thread 0x00007fcbb4801000 nmethod 36 0x0000000107ace010 code [0x0000000107ace140, 0x0000000107ace198]
Event: 10.570 Thread 0x00007fcbb4841000 nmethod 35 0x0000000107acdd50 code [0x0000000107acde80, 0x0000000107acdf18]
Event: 17.420 Thread 0x00007fcbb4801000   37             java.nio.Buffer::limit (5 bytes)
Event: 17.420 Thread 0x00007fcbb4801000 nmethod 37 0x0000000107ad3b50 code [0x0000000107ad3c80, 0x0000000107ad3cd8]
Event: 17.603 Thread 0x00007fcbb4841000   38             java.nio.DirectIntBufferU::ix (10 bytes)
Event: 17.604 Thread 0x00007fcbb4841000 nmethod 38 0x0000000107ad3950 code [0x0000000107ad3a80, 0x0000000107ad3af8]
Event: 17.637 Thread 0x00007fcbb4801000   39             org.lwjgl.opengl.StateTracker::getReferences (11 bytes)
Event: 17.637 Thread 0x00007fcbb4841000   40             org.lwjgl.opengl.ReferencesStack::getReferences (10 bytes)
Event: 17.638 Thread 0x00007fcbb4841000 nmethod 40 0x0000000107ad1ed0 code [0x0000000107ad2020, 0x0000000107ad20d8]
Event: 17.639 Thread 0x00007fcbb4801000 nmethod 39 0x0000000107ad1b90 code [0x0000000107ad1ce0, 0x0000000107ad1db8]

GC Heap History (0 events):
No events

Deoptimization events (0 events):
No events

Internal exceptions (10 events):
Event: 0.982 Thread 0x00007fcbb38d1000 Threw 0x00000007eb36fd68 at /HUDSON/workspace/7u-2-build-macosx-x86_64/jdk7u45/229/hotspot/src/share/vm/prims/jvm.cpp:1244
Event: 0.984 Thread 0x00007fcbb38d1000 Threw 0x00000007eb37ce30 at /HUDSON/workspace/7u-2-build-macosx-x86_64/jdk7u45/229/hotspot/src/share/vm/prims/jvm.cpp:1244
Event: 0.989 Thread 0x00007fcbb38d1000 Threw 0x00000007eb38b138 at /HUDSON/workspace/7u-2-build-macosx-x86_64/jdk7u45/229/hotspot/src/share/vm/prims/jvm.cpp:1244
Event: 0.990 Thread 0x00007fcbb38d1000 Threw 0x00000007eb3908f0 at /HUDSON/workspace/7u-2-build-macosx-x86_64/jdk7u45/229/hotspot/src/share/vm/prims/jvm.cpp:1244
Event: 1.037 Thread 0x00007fcbb38d1000 Threw 0x00000007eb3965a8 at /HUDSON/workspace/7u-2-build-macosx-x86_64/jdk7u45/229/hotspot/src/share/vm/prims/jvm.cpp:1244
Event: 1.037 Thread 0x00007fcbb38d1000 Threw 0x00000007eb39bf08 at /HUDSON/workspace/7u-2-build-macosx-x86_64/jdk7u45/229/hotspot/src/share/vm/prims/jvm.cpp:1244
Event: 20.487 Thread 0x00007fcbb38d1000 Threw 0x00000007eb3c1790 at /HUDSON/workspace/7u-2-build-macosx-x86_64/jdk7u45/229/hotspot/src/share/vm/prims/jvm.cpp:1244
Event: 20.488 Thread 0x00007fcbb38d1000 Threw 0x00000007eb3c6d68 at /HUDSON/workspace/7u-2-build-macosx-x86_64/jdk7u45/229/hotspot/src/share/vm/prims/jvm.cpp:1244
Event: 20.489 Thread 0x00007fcbb38d1000 Threw 0x00000007eb3cc720 at /HUDSON/workspace/7u-2-build-macosx-x86_64/jdk7u45/229/hotspot/src/share/vm/prims/jvm.cpp:1244
Event: 20.497 Thread 0x00007fcbb38d1000 Threw 0x00000007eb3d2850 at /HUDSON/workspace/7u-2-build-macosx-x86_64/jdk7u45/229/hotspot/src/share/vm/prims/jvm.cpp:1244

Events (10 events):
Event: 20.487 loading class 0x00007fcbb351e0d0
Event: 20.487 loading class 0x00007fcbb351e0d0 done
Event: 20.488 loading class 0x00007fcbb351cbd0
Event: 20.488 loading class 0x00007fcbb351cbd0 done
Event: 20.489 loading class 0x00007fcbb351cc80
Event: 20.489 loading class 0x00007fcbb351cc80 done
Event: 20.490 loading class 0x000000010d7bbce0
Event: 20.490 loading class 0x000000010d7bbce0 done
Event: 20.497 loading class 0x00007fcbb353f910
Event: 20.497 loading class 0x00007fcbb353f910 done


Dynamic libraries:
0x0000000004570000 	/System/Library/Frameworks/Cocoa.framework/Versions/A/Cocoa
0x0000000004570000 	/System/Library/Frameworks/Security.framework/Versions/A/Security
0x0000000004570000 	/System/Library/Frameworks/ApplicationServices.framework/Versions/A/ApplicationServices
0x0000000004570000 	/usr/lib/libz.1.dylib
0x0000000004570000 	/usr/lib/libSystem.B.dylib
0x0000000004570000 	/usr/lib/libobjc.A.dylib
0x0000000004570000 	/System/Library/Frameworks/CoreFoundation.framework/Versions/A/CoreFoundation
0x0000000004570000 	/System/Library/Frameworks/Foundation.framework/Versions/C/Foundation
0x0000000004570000 	/System/Library/Frameworks/AppKit.framework/Versions/C/AppKit
0x0000000004570000 	/System/Library/Frameworks/CoreData.framework/Versions/A/CoreData
0x0000000004570000 	/System/Library/PrivateFrameworks/RemoteViewServices.framework/Versions/A/RemoteViewServices
0x0000000004570000 	/System/Library/Frameworks/AudioToolbox.framework/Versions/A/AudioToolbox
0x0000000004570000 	/System/Library/Frameworks/AudioUnit.framework/Versions/A/AudioUnit
0x0000000004570000 	/System/Library/PrivateFrameworks/DataDetectorsCore.framework/Versions/A/DataDetectorsCore
0x0000000004570000 	/System/Library/PrivateFrameworks/DesktopServicesPriv.framework/Versions/A/DesktopServicesPriv
0x0000000004570000 	/System/Library/Frameworks/Carbon.framework/Versions/A/Frameworks/HIToolbox.framework/Versions/A/HIToolbox
0x0000000004570000 	/System/Library/Frameworks/QuartzCore.framework/Versions/A/QuartzCore
0x0000000004570000 	/System/Library/Frameworks/Carbon.framework/Versions/A/Frameworks/SpeechRecognition.framework/Versions/A/SpeechRecognition
0x0000000004570000 	/usr/lib/libauto.dylib
0x0000000004570000 	/usr/lib/libicucore.A.dylib
0x0000000004570000 	/usr/lib/libxml2.2.dylib
0x0000000004570000 	/System/Library/PrivateFrameworks/CoreUI.framework/Versions/A/CoreUI
0x0000000004570000 	/System/Library/Frameworks/CoreAudio.framework/Versions/A/CoreAudio
0x0000000004570000 	/System/Library/Frameworks/DiskArbitration.framework/Versions/A/DiskArbitration
0x0000000004570000 	/usr/lib/liblangid.dylib
0x0000000004570000 	/System/Library/PrivateFrameworks/MultitouchSupport.framework/Versions/A/MultitouchSupport
0x0000000004570000 	/System/Library/Frameworks/IOKit.framework/Versions/A/IOKit
0x0000000004570000 	/usr/lib/libDiagnosticMessagesClient.dylib
0x0000000004570000 	/System/Library/Frameworks/CoreServices.framework/Versions/A/CoreServices
0x0000000004570000 	/System/Library/PrivateFrameworks/PerformanceAnalysis.framework/Versions/A/PerformanceAnalysis
0x0000000004570000 	/System/Library/PrivateFrameworks/GenerationalStorage.framework/Versions/A/GenerationalStorage
0x0000000004570000 	/System/Library/Frameworks/OpenGL.framework/Versions/A/OpenGL
0x0000000004570000 	/System/Library/PrivateFrameworks/Sharing.framework/Versions/A/Sharing
0x0000000004570000 	/System/Library/Frameworks/ImageIO.framework/Versions/A/ImageIO
0x0000000004570000 	/System/Library/Frameworks/CoreText.framework/Versions/A/CoreText
0x0000000004570000 	/System/Library/Frameworks/CoreGraphics.framework/Versions/A/CoreGraphics
0x0000000004570000 	/System/Library/PrivateFrameworks/Backup.framework/Versions/A/Backup
0x0000000004570000 	/System/Library/Frameworks/CFNetwork.framework/Versions/A/CFNetwork
0x0000000004570000 	/System/Library/Frameworks/SystemConfiguration.framework/Versions/A/SystemConfiguration
0x0000000004570000 	/usr/lib/libCRFSuite.dylib
0x0000000004570000 	/usr/lib/libc++.1.dylib
0x0000000004570000 	/usr/lib/libc++abi.dylib
0x0000000004570000 	/usr/lib/system/libcache.dylib
0x0000000004570000 	/usr/lib/system/libcommonCrypto.dylib
0x0000000004570000 	/usr/lib/system/libcompiler_rt.dylib
0x0000000004570000 	/usr/lib/system/libcopyfile.dylib
0x0000000004570000 	/usr/lib/system/libcorecrypto.dylib
0x0000000004570000 	/usr/lib/system/libdispatch.dylib
0x0000000004570000 	/usr/lib/system/libdyld.dylib
0x0000000004570000 	/usr/lib/system/libkeymgr.dylib
0x0000000004570000 	/usr/lib/system/liblaunch.dylib
0x0000000004570000 	/usr/lib/system/libmacho.dylib
0x0000000004570000 	/usr/lib/system/libquarantine.dylib
0x0000000004570000 	/usr/lib/system/libremovefile.dylib
0x0000000004570000 	/usr/lib/system/libsystem_asl.dylib
0x0000000004570000 	/usr/lib/system/libsystem_blocks.dylib
0x0000000004570000 	/usr/lib/system/libsystem_c.dylib
0x0000000004570000 	/usr/lib/system/libsystem_configuration.dylib
0x0000000004570000 	/usr/lib/system/libsystem_dnssd.dylib
0x0000000004570000 	/usr/lib/system/libsystem_info.dylib
0x0000000004570000 	/usr/lib/system/libsystem_kernel.dylib
0x0000000004570000 	/usr/lib/system/libsystem_m.dylib
0x0000000004570000 	/usr/lib/system/libsystem_malloc.dylib
0x0000000004570000 	/usr/lib/system/libsystem_network.dylib
0x0000000004570000 	/usr/lib/system/libsystem_notify.dylib
0x0000000004570000 	/usr/lib/system/libsystem_platform.dylib
0x0000000004570000 	/usr/lib/system/libsystem_pthread.dylib
0x0000000004570000 	/usr/lib/system/libsystem_sandbox.dylib
0x0000000004570000 	/usr/lib/system/libsystem_stats.dylib
0x0000000004570000 	/usr/lib/system/libunc.dylib
0x0000000004570000 	/usr/lib/system/libunwind.dylib
0x0000000004570000 	/usr/lib/system/libxpc.dylib
0x0000000004570000 	/usr/lib/libbsm.0.dylib
0x0000000004570000 	/usr/lib/libsqlite3.dylib
0x0000000004570000 	/usr/lib/libxar.1.dylib
0x0000000004570000 	/usr/lib/libpam.2.dylib
0x0000000004570000 	/usr/lib/libOpenScriptingUtil.dylib
0x0000000004570000 	/usr/lib/libbz2.1.0.dylib
0x0000000004570000 	/System/Library/Frameworks/CoreServices.framework/Versions/A/Frameworks/CarbonCore.framework/Versions/A/CarbonCore
0x0000000004570000 	/System/Library/Frameworks/CoreServices.framework/Versions/A/Frameworks/Metadata.framework/Versions/A/Metadata
0x0000000004570000 	/System/Library/Frameworks/CoreServices.framework/Versions/A/Frameworks/OSServices.framework/Versions/A/OSServices
0x0000000004570000 	/System/Library/Frameworks/CoreServices.framework/Versions/A/Frameworks/SearchKit.framework/Versions/A/SearchKit
0x0000000004570000 	/System/Library/Frameworks/CoreServices.framework/Versions/A/Frameworks/AE.framework/Versions/A/AE
0x0000000004570000 	/System/Library/Frameworks/CoreServices.framework/Versions/A/Frameworks/LaunchServices.framework/Versions/A/LaunchServices
0x0000000004570000 	/System/Library/Frameworks/CoreServices.framework/Versions/A/Frameworks/DictionaryServices.framework/Versions/A/DictionaryServices
0x0000000004570000 	/System/Library/Frameworks/NetFS.framework/Versions/A/NetFS
0x0000000004570000 	/usr/lib/system/libkxld.dylib
0x0000000004570000 	/System/Library/PrivateFrameworks/NetAuth.framework/Versions/A/NetAuth
0x0000000004570000 	/System/Library/PrivateFrameworks/TCC.framework/Versions/A/TCC
0x0000000004570000 	/System/Library/Frameworks/OpenDirectory.framework/Versions/A/Frameworks/CFOpenDirectory.framework/Versions/A/CFOpenDirectory
0x0000000004570000 	/System/Library/Frameworks/ServiceManagement.framework/Versions/A/ServiceManagement
0x0000000004570000 	/usr/lib/libxslt.1.dylib
0x0000000004570000 	/System/Library/Frameworks/Carbon.framework/Versions/A/Frameworks/Ink.framework/Versions/A/Ink
0x0000000004570000 	/System/Library/Frameworks/ApplicationServices.framework/Versions/A/Frameworks/ATS.framework/Versions/A/ATS
0x0000000004570000 	/System/Library/Frameworks/ApplicationServices.framework/Versions/A/Frameworks/ColorSync.framework/Versions/A/ColorSync
0x0000000004570000 	/System/Library/Frameworks/ApplicationServices.framework/Versions/A/Frameworks/HIServices.framework/Versions/A/HIServices
0x0000000004570000 	/System/Library/Frameworks/ApplicationServices.framework/Versions/A/Frameworks/LangAnalysis.framework/Versions/A/LangAnalysis
0x0000000004570000 	/System/Library/Frameworks/ApplicationServices.framework/Versions/A/Frameworks/PrintCore.framework/Versions/A/PrintCore
0x0000000004570000 	/System/Library/Frameworks/ApplicationServices.framework/Versions/A/Frameworks/QD.framework/Versions/A/QD
0x0000000004570000 	/System/Library/Frameworks/ApplicationServices.framework/Versions/A/Frameworks/SpeechSynthesis.framework/Versions/A/SpeechSynthesis
0x0000000004570000 	/System/Library/Frameworks/IOSurface.framework/Versions/A/IOSurface
0x0000000004570000 	/System/Library/Frameworks/Accelerate.framework/Versions/A/Accelerate
0x0000000004570000 	/System/Library/Frameworks/Accelerate.framework/Versions/A/Frameworks/vImage.framework/Versions/A/vImage
0x0000000004570000 	/System/Library/Frameworks/Accelerate.framework/Versions/A/Frameworks/vecLib.framework/Versions/A/vecLib
0x0000000004570000 	/System/Library/Frameworks/Accelerate.framework/Versions/A/Frameworks/vecLib.framework/Versions/A/libvDSP.dylib
0x0000000004570000 	/System/Library/Frameworks/Accelerate.framework/Versions/A/Frameworks/vecLib.framework/Versions/A/libvMisc.dylib
0x0000000004570000 	/System/Library/Frameworks/Accelerate.framework/Versions/A/Frameworks/vecLib.framework/Versions/A/libLAPACK.dylib
0x0000000004570000 	/System/Library/Frameworks/Accelerate.framework/Versions/A/Frameworks/vecLib.framework/Versions/A/libBLAS.dylib
0x0000000004570000 	/System/Library/Frameworks/ApplicationServices.framework/Versions/A/Frameworks/ATS.framework/Versions/A/Resources/libFontParser.dylib
0x0000000004570000 	/System/Library/Frameworks/ApplicationServices.framework/Versions/A/Frameworks/ATS.framework/Versions/A/Resources/libFontRegistry.dylib
0x0000000004570000 	/System/Library/Frameworks/ImageIO.framework/Versions/A/Resources/libJPEG.dylib
0x0000000004570000 	/System/Library/Frameworks/ImageIO.framework/Versions/A/Resources/libTIFF.dylib
0x0000000004570000 	/System/Library/Frameworks/ImageIO.framework/Versions/A/Resources/libPng.dylib
0x0000000004570000 	/System/Library/Frameworks/ImageIO.framework/Versions/A/Resources/libGIF.dylib
0x0000000004570000 	/System/Library/Frameworks/ImageIO.framework/Versions/A/Resources/libJP2.dylib
0x0000000004570000 	/System/Library/Frameworks/ImageIO.framework/Versions/A/Resources/libRadiance.dylib
0x0000000004570000 	/usr/lib/libcups.2.dylib
0x0000000004570000 	/System/Library/Frameworks/Kerberos.framework/Versions/A/Kerberos
0x0000000004570000 	/System/Library/Frameworks/GSS.framework/Versions/A/GSS
0x0000000004570000 	/usr/lib/libresolv.9.dylib
0x0000000004570000 	/usr/lib/libiconv.2.dylib
0x0000000004570000 	/System/Library/PrivateFrameworks/Heimdal.framework/Versions/A/Heimdal
0x0000000004570000 	/System/Library/PrivateFrameworks/TrustEvaluationAgent.framework/Versions/A/TrustEvaluationAgent
0x0000000004570000 	/usr/lib/libheimdal-asn1.dylib
0x0000000004570000 	/System/Library/Frameworks/OpenDirectory.framework/Versions/A/OpenDirectory
0x0000000004570000 	/System/Library/PrivateFrameworks/CommonAuth.framework/Versions/A/CommonAuth
0x0000000004570000 	/System/Library/Frameworks/SecurityFoundation.framework/Versions/A/SecurityFoundation
0x0000000004570000 	/System/Library/PrivateFrameworks/Bom.framework/Versions/A/Bom
0x0000000004570000 	/System/Library/Frameworks/CoreVideo.framework/Versions/A/CoreVideo
0x0000000004570000 	/System/Library/Frameworks/QuartzCore.framework/Versions/A/Frameworks/CoreImage.framework/Versions/A/CoreImage
0x0000000004570000 	/System/Library/Frameworks/QuartzCore.framework/Versions/A/Frameworks/ScalableUserInterface.framework/Versions/A/ScalableUserInterface
0x0000000004570000 	/System/Library/Frameworks/OpenGL.framework/Versions/A/Libraries/libGLU.dylib
0x0000000004570000 	/System/Library/Frameworks/OpenGL.framework/Versions/A/Libraries/libGFXShared.dylib
0x0000000004570000 	/System/Library/Frameworks/OpenGL.framework/Versions/A/Libraries/libGL.dylib
0x0000000004570000 	/System/Library/Frameworks/OpenGL.framework/Versions/A/Libraries/libGLImage.dylib
0x0000000004570000 	/System/Library/Frameworks/OpenGL.framework/Versions/A/Libraries/libCVMSPluginSupport.dylib
0x0000000004570000 	/System/Library/Frameworks/OpenGL.framework/Versions/A/Libraries/libCoreVMClient.dylib
0x0000000004570000 	/System/Library/PrivateFrameworks/FaceCore.framework/Versions/A/FaceCore
0x0000000004570000 	/System/Library/PrivateFrameworks/CrashReporterSupport.framework/Versions/A/CrashReporterSupport
0x0000000004570000 	/System/Library/Frameworks/OpenCL.framework/Versions/A/OpenCL
0x0000000004570000 	/System/Library/PrivateFrameworks/AppleFSCompression.framework/Versions/A/AppleFSCompression
0x0000000004570000 	/System/Library/PrivateFrameworks/Ubiquity.framework/Versions/A/Ubiquity
0x0000000004570000 	/System/Library/PrivateFrameworks/IconServices.framework/Versions/A/IconServices
0x0000000004570000 	/System/Library/PrivateFrameworks/ChunkingLibrary.framework/Versions/A/ChunkingLibrary
0x0000000004570000 	/System/Library/PrivateFrameworks/CoreSymbolication.framework/Versions/A/CoreSymbolication
0x0000000004570000 	/System/Library/PrivateFrameworks/Symbolication.framework/Versions/A/Symbolication
0x0000000004570000 	/System/Library/PrivateFrameworks/DebugSymbols.framework/Versions/A/DebugSymbols
0x0000000107000000 	/Library/Java/JavaVirtualMachines/jdk1.7.0_45.jdk/Contents/Home/jre/lib/server/libjvm.dylib
0x0000000004570000 	/usr/lib/libstdc++.6.dylib
0x000000010677e000 	/Library/Java/JavaVirtualMachines/jdk1.7.0_45.jdk/Contents/Home/jre/lib/libverify.dylib
0x000000010678b000 	/Library/Java/JavaVirtualMachines/jdk1.7.0_45.jdk/Contents/Home/jre/lib/libjava.dylib
0x00000001067c5000 	/Library/Java/JavaVirtualMachines/jdk1.7.0_45.jdk/Contents/Home/jre/lib/libzip.dylib
0x000000010ed2c000 	/System/Library/Frameworks/JavaVM.framework/Frameworks/JavaRuntimeSupport.framework/JavaRuntimeSupport
0x000000010ed44000 	/System/Library/Frameworks/JavaVM.framework/Versions/A/Frameworks/JavaNativeFoundation.framework/Versions/A/JavaNativeFoundation
0x000000010ed59000 	/System/Library/Frameworks/JavaVM.framework/Versions/A/JavaVM
0x0000000004570000 	/System/Library/Frameworks/Carbon.framework/Versions/A/Carbon
0x000000010ed66000 	/System/Library/PrivateFrameworks/JavaLaunching.framework/Versions/A/JavaLaunching
0x0000000004570000 	/System/Library/Frameworks/Carbon.framework/Versions/A/Frameworks/CommonPanels.framework/Versions/A/CommonPanels
0x0000000004570000 	/System/Library/Frameworks/Carbon.framework/Versions/A/Frameworks/Help.framework/Versions/A/Help
0x0000000004570000 	/System/Library/Frameworks/Carbon.framework/Versions/A/Frameworks/ImageCapture.framework/Versions/A/ImageCapture
0x0000000004570000 	/System/Library/Frameworks/Carbon.framework/Versions/A/Frameworks/OpenScripting.framework/Versions/A/OpenScripting
0x0000000004570000 	/System/Library/Frameworks/Carbon.framework/Versions/A/Frameworks/Print.framework/Versions/A/Print
0x0000000004570000 	/System/Library/Frameworks/Carbon.framework/Versions/A/Frameworks/SecurityHI.framework/Versions/A/SecurityHI
0x000000010f40d000 	/private/var/folders/xc/yslnflf16p18bdtm4pj69kxw0000gn/T/libgdxUSER/92bf976d/libgdx.dylib
0x000000010f471000 	/Library/Java/JavaVirtualMachines/jdk1.7.0_45.jdk/Contents/Home/jre/lib/libawt.dylib
0x000000010f520000 	/Library/Java/JavaVirtualMachines/jdk1.7.0_45.jdk/Contents/Home/jre/lib/./libmlib_image.dylib
0x000000010f5ec000 	/Library/Java/JavaVirtualMachines/jdk1.7.0_45.jdk/Contents/Home/jre/lib/lwawt/liblwawt.dylib
0x000000010f6a0000 	/Library/Java/JavaVirtualMachines/jdk1.7.0_45.jdk/Contents/Home/jre/lib/libosxapp.dylib
0x0000000004570000 	/System/Library/Frameworks/ExceptionHandling.framework/Versions/A/ExceptionHandling
0x0000000004570000 	/System/Library/PrivateFrameworks/CoreServicesInternal.framework/Versions/A/CoreServicesInternal
0x0000000004570000 	/System/Library/PrivateFrameworks/Librarian.framework/Versions/A/Librarian
0x0000000004570000 	/System/Library/Frameworks/CoreGraphics.framework/Versions/A/Resources/libCGCMS.A.dylib
0x0000000004570000 	/System/Library/Frameworks/CoreGraphics.framework/Versions/A/Resources/libRIP.A.dylib
0x0000000004570000 	/System/Library/Frameworks/CoreGraphics.framework/Versions/A/Resources/libCGXType.A.dylib
0x0000000004570000 	/System/Library/PrivateFrameworks/FamilyControls.framework/Versions/A/FamilyControls
0x0000000004570000 	/System/Library/PrivateFrameworks/CommerceKit.framework/Versions/A/Frameworks/CommerceCore.framework/Versions/A/CommerceCore
0x0000000004570000 	/System/Library/PrivateFrameworks/SystemAdministration.framework/Versions/A/SystemAdministration
0x0000000004570000 	/System/Library/Frameworks/DirectoryService.framework/Versions/A/DirectoryService
0x0000000004570000 	/System/Library/PrivateFrameworks/DiskImages.framework/Versions/A/DiskImages
0x0000000004570000 	/System/Library/PrivateFrameworks/LoginUIKit.framework/Versions/A/Frameworks/LoginUICore.framework/Versions/A/LoginUICore
0x0000000004570000 	/usr/lib/libCoreStorage.dylib
0x0000000004570000 	/usr/lib/libcsfde.dylib
0x0000000004570000 	/usr/lib/libodfde.dylib
0x0000000004570000 	/System/Library/Frameworks/DiscRecording.framework/Versions/A/DiscRecording
0x0000000004570000 	/usr/lib/libcurl.4.dylib
0x0000000004570000 	/System/Library/PrivateFrameworks/MediaKit.framework/Versions/A/MediaKit
0x0000000004570000 	/System/Library/PrivateFrameworks/EFILogin.framework/Versions/A/EFILogin
0x0000000004570000 	/usr/lib/libutil.dylib
0x0000000004570000 	/System/Library/PrivateFrameworks/AOSNotification.framework/Versions/A/AOSNotification
0x0000000004570000 	/System/Library/Frameworks/LDAP.framework/Versions/A/LDAP
0x0000000004570000 	/usr/lib/libsasl2.2.dylib
0x0000000004570000 	/usr/lib/libcrypto.0.9.8.dylib
0x0000000004570000 	/usr/lib/libssl.0.9.8.dylib
0x00000001136e8000 	/Library/Java/JavaVirtualMachines/jdk1.7.0_45.jdk/Contents/Home/jre/lib/libfontmanager.dylib
0x000000011374c000 	/private/var/folders/xc/yslnflf16p18bdtm4pj69kxw0000gn/T/libgdxUSER/75260a42/liblwjgl.jnilib
0x0000000110f2d000 	/Library/Java/JavaVirtualMachines/jdk1.7.0_45.jdk/Contents/Home/jre/lib/libjawt.dylib
0x00000001137c7000 	/var/folders/xc/yslnflf16p18bdtm4pj69kxw0000gn/T/libgdxUSER/75260a42/openal.dylib
0x000000011386e000 	/System/Library/Components/CoreAudio.component/Contents/MacOS/CoreAudio
0x0000000113ae9000 	/System/Library/Extensions/AppleHDA.kext/Contents/PlugIns/AppleHDAHALPlugIn.bundle/Contents/MacOS/AppleHDAHALPlugIn
0x0000000004570000 	/System/Library/Frameworks/OpenGL.framework/Versions/A/Resources/GLEngine.bundle/GLEngine
0x0000000004570000 	/System/Library/Frameworks/OpenGL.framework/Versions/A/Libraries/libGLProgrammability.dylib
0x0000000000000000 	/System/Library/Extensions/AppleIntelHD5000GraphicsGLDriver.bundle/Contents/MacOS/AppleIntelHD5000GraphicsGLDriver
0x0000000004570000 	/System/Library/PrivateFrameworks/IOAccelerator.framework/Versions/A/IOAccelerator
0x0000000004570000 	/System/Library/PrivateFrameworks/GPUSupport.framework/Versions/A/Libraries/libGPUSupportMercury.dylib
0x0000000004570000 	/System/Library/Frameworks/OpenGL.framework/Versions/A/Resources/GLRendererFloat.bundle/GLRendererFloat
0x0000000004570000 	/System/Library/Frameworks/OpenCL.framework/Versions/A/Libraries/libcldcpuengine.dylib

VM Arguments:
jvm_args: -Dfile.encoding=US-ASCII 
java_command: com.mikqmas.ZombieBird.Main
Launcher Type: SUN_STANDARD

Environment Variables:
PATH=/usr/bin:/bin:/usr/sbin:/sbin
SHELL=/bin/bash

Signal Handlers:
SIGSEGV: [libjvm.dylib+0x525415], sa_mask[0]=0xfffefeff, sa_flags=0x00000043
SIGBUS: [libjvm.dylib+0x525415], sa_mask[0]=0xfffefeff, sa_flags=0x00000042
SIGFPE: [libjvm.dylib+0x41891a], sa_mask[0]=0xfffefeff, sa_flags=0x00000042
SIGPIPE: [libjvm.dylib+0x41891a], sa_mask[0]=0xfffefeff, sa_flags=0x00000042
SIGXFSZ: [libjvm.dylib+0x41891a], sa_mask[0]=0xfffefeff, sa_flags=0x00000042
SIGILL: [libjvm.dylib+0x41891a], sa_mask[0]=0xfffefeff, sa_flags=0x00000042
SIGUSR1: SIG_DFL, sa_mask[0]=0x00000000, sa_flags=0x00000002
SIGUSR2: [libjvm.dylib+0x41840c], sa_mask[0]=0x00000004, sa_flags=0x00000042
SIGHUP: [libjvm.dylib+0x41669b], sa_mask[0]=0xfffefeff, sa_flags=0x00000042
SIGINT: [libjvm.dylib+0x41669b], sa_mask[0]=0xfffefeff, sa_flags=0x00000042
SIGTERM: [libjvm.dylib+0x41669b], sa_mask[0]=0xfffefeff, sa_flags=0x00000042
SIGQUIT: [libjvm.dylib+0x41669b], sa_mask[0]=0xfffefeff, sa_flags=0x00000042


---------------  S Y S T E M  ---------------

OS:Bsduname:Darwin 13.1.0 Darwin Kernel Version 13.1.0: Thu Jan 16 19:40:37 PST 2014; root:xnu-2422.90.20~2/RELEASE_X86_64 x86_64
rlimit: STACK 8192k, CORE 0k, NPROC 709, NOFILE 10240, AS infinity
load average:1.99 1.87 1.86

CPU:total 4 (2 cores per cpu, 2 threads per core) family 6 model 69 stepping 1, cmov, cx8, fxsr, mmx, sse, sse2, sse3, ssse3, sse4.1, sse4.2, popcnt, avx, avx2, aes, erms, ht, tsc, tscinvbit

Memory: 4k page, physical 4194304k(1048576k free)

/proc/meminfo:


vm_info: Java HotSpot(TM) 64-Bit Server VM (24.45-b08) for bsd-amd64 JRE (1.7.0_45-b18), built on Oct  8 2013 05:54:16 by "java_re" with gcc 4.2.1 (Based on Apple Inc. build 5658) (LLVM build 2336.11.00)

time: Wed Apr  2 16:57:40 2014
elapsed time: 20 seconds

